<?xml version="1.0" encoding="UTF-8"?>
<!-- Generated by org.testng.reporters.JUnitReportReporter -->
<testsuite hostname="CCE1080" failures="0" tests="1" name="testCases.ViewAWB" time="98.542" errors="0" timestamp="2025-05-22T13:17:04 IST" skipped="0">
  <testcase classname="testCases.ViewAWB" name="searchAWB" time="98.542"/>
</testsuite> <!-- testCases.ViewAWB -->
