<?xml version="1.0" encoding="UTF-8"?>
<!-- Generated by org.testng.reporters.JUnitReportReporter -->
<testsuite hostname="CCE1080" failures="0" tests="1" name="pageObjects.listJobScheduler" time="15.174" errors="0" timestamp="2025-02-10T12:09:06 IST" skipped="0">
  <testcase classname="pageObjects.listJobScheduler" name="revenueAccounting" time="15.174"/>
</testsuite> <!-- pageObjects.listJobScheduler -->
