<?xml version="1.0" encoding="UTF-8"?>
<!-- Generated by org.testng.reporters.JUnitReportReporter -->
<testsuite hostname="CCE1080" failures="0" tests="1" name="testCases.ListJobStatus" time="69.294" errors="0" timestamp="2025-02-10T13:23:43 IST" skipped="0">
  <testcase classname="testCases.ListJobStatus" name="viewRevenueAccounitngJobStatus" time="69.294"/>
</testsuite> <!-- testCases.ListJobStatus -->
