<?xml version="1.0" encoding="UTF-8"?>
<!-- Generated by org.testng.reporters.JUnitReportReporter -->
<testsuite hostname="CCE1080" failures="0" tests="1" name="testCases.CaptureFlown" time="79.064" errors="0" timestamp="2025-05-02T17:38:46 IST" skipped="0">
  <testcase classname="testCases.CaptureFlown" name="captureFlown" time="79.064"/>
</testsuite> <!-- testCases.CaptureFlown -->
