<?xml version="1.0" encoding="UTF-8"?>
<!-- Generated by org.testng.reporters.JUnitReportReporter -->
<testsuite hostname="CCE1080" failures="0" tests="1" name="testCases.SSOLogin" time="8.626" errors="0" timestamp="2025-02-07T17:50:07 IST" skipped="0">
  <testcase classname="testCases.SSOLogin" name="ssoLogin" time="8.626"/>
</testsuite> <!-- testCases.SSOLogin -->
