<?xml version="1.0" encoding="UTF-8"?>
<!-- Generated by org.testng.reporters.JUnitReportReporter -->
<testsuite hostname="CCE1080" failures="0" tests="1" name="testCases.listJobScheduler" time="204.328" errors="0" timestamp="2025-05-08T12:35:00 IST" skipped="0">
  <testcase classname="testCases.listJobScheduler" name="revenueAccounting" time="204.328"/>
</testsuite> <!-- testCases.listJobScheduler -->
