<?xml version="1.0" encoding="UTF-8"?>
<!-- Generated by org.testng.reporters.JUnitReportReporter -->
<testsuite hostname="CCE1080" failures="0" tests="1" name="testCases.amazone" time="95.669" errors="0" timestamp="2025-02-25T11:34:42 IST" skipped="0">
  <testcase classname="testCases.amazone" name="ecommerceTesting" time="95.669"/>
</testsuite> <!-- testCases.amazone -->
