<?xml version="1.0" encoding="UTF-8"?>
<!-- Generated by org.testng.reporters.JUnitReportReporter -->
<testsuite hostname="CCE1080" failures="0" tests="1" name="testCases.ProcessAndCloseFlown" time="59.340" errors="0" timestamp="2025-05-03T14:41:42 IST" skipped="0">
  <testcase classname="testCases.ProcessAndCloseFlown" name="ProcessAndCloseFlown" time="59.340"/>
</testsuite> <!-- testCases.ProcessAndCloseFlown -->
