<?xml version="1.0" encoding="UTF-8"?>
<!-- Generated by org.testng.reporters.JUnitReportReporter -->
<testsuite hostname="CCE1080" failures="0" tests="1" name="testCases.demo" time="0.013" errors="0" timestamp="2025-02-25T11:24:15 IST" skipped="0">
  <testcase classname="testCases.demo" name="practice" time="0.013"/>
</testsuite> <!-- testCases.demo -->
